timestamp: 2014-04-16T21:54:52.013136
CREATE TABLE auth_user(
    id INTEGER PRIMARY KEY AUTOINCREMENT,
    first_name CHAR(128),
    last_name CHAR(128),
    email CHAR(512),
    password CHAR(512),
    registration_key CHAR(512),
    reset_password_key CHAR(512),
    registration_id CHAR(512)
);
success!
timestamp: 2014-04-16T21:54:52.108365
CREATE TABLE auth_group(
    id INTEGER PRIMARY KEY AUTOINCREMENT,
    role CHAR(512),
    description TEXT
);
success!
timestamp: 2014-04-16T21:54:52.186442
CREATE TABLE auth_membership(
    id INTEGER PRIMARY KEY AUTOINCREMENT,
    user_id INTEGER REFERENCES auth_user (id) ON DELETE CASCADE,
    group_id INTEGER REFERENCES auth_group (id) ON DELETE CASCADE
);
success!
timestamp: 2014-04-16T21:54:52.267534
CREATE TABLE auth_permission(
    id INTEGER PRIMARY KEY AUTOINCREMENT,
    group_id INTEGER REFERENCES auth_group (id) ON DELETE CASCADE,
    name CHAR(512),
    table_name CHAR(512),
    record_id INTEGER
);
success!
timestamp: 2014-04-16T21:54:52.345196
CREATE TABLE auth_event(
    id INTEGER PRIMARY KEY AUTOINCREMENT,
    time_stamp TIMESTAMP,
    client_ip CHAR(512),
    user_id INTEGER REFERENCES auth_user (id) ON DELETE CASCADE,
    origin CHAR(512),
    description TEXT
);
success!
timestamp: 2014-04-16T21:54:52.444011
CREATE TABLE auth_cas(
    id INTEGER PRIMARY KEY AUTOINCREMENT,
    user_id INTEGER REFERENCES auth_user (id) ON DELETE CASCADE,
    created_on TIMESTAMP,
    service CHAR(512),
    ticket CHAR(512),
    renew CHAR(1)
);
success!
timestamp: 2014-04-16T22:46:53.071322
CREATE TABLE mytable(
    id INTEGER PRIMARY KEY AUTOINCREMENT,
    TopScores INTEGER
);
success!
DROP TABLE mytable;
success!
timestamp: 2014-04-16T23:16:11.025825
CREATE TABLE mytable(
    id INTEGER PRIMARY KEY AUTOINCREMENT,
    TopScores INTEGER
);
success!
DELETE FROM mytable;
DELETE FROM sqlite_sequence WHERE name='mytable';
success!
DELETE FROM mytable;
DELETE FROM sqlite_sequence WHERE name='mytable';
success!
DELETE FROM mytable;
DELETE FROM sqlite_sequence WHERE name='mytable';
success!
DELETE FROM mytable;
DELETE FROM sqlite_sequence WHERE name='mytable';
success!
DELETE FROM mytable;
DELETE FROM sqlite_sequence WHERE name='mytable';
success!
DELETE FROM mytable;
DELETE FROM sqlite_sequence WHERE name='mytable';
success!
DELETE FROM mytable;
DELETE FROM sqlite_sequence WHERE name='mytable';
success!
DELETE FROM mytable;
DELETE FROM sqlite_sequence WHERE name='mytable';
success!
DELETE FROM mytable;
DELETE FROM sqlite_sequence WHERE name='mytable';
success!
DELETE FROM mytable;
DELETE FROM sqlite_sequence WHERE name='mytable';
success!
DELETE FROM mytable;
DELETE FROM sqlite_sequence WHERE name='mytable';
success!
DELETE FROM mytable;
DELETE FROM sqlite_sequence WHERE name='mytable';
success!
DELETE FROM mytable;
DELETE FROM sqlite_sequence WHERE name='mytable';
success!
DELETE FROM mytable;
DELETE FROM sqlite_sequence WHERE name='mytable';
success!
DELETE FROM mytable;
DELETE FROM sqlite_sequence WHERE name='mytable';
success!
DELETE FROM mytable;
DELETE FROM sqlite_sequence WHERE name='mytable';
success!
DELETE FROM mytable;
DELETE FROM sqlite_sequence WHERE name='mytable';
success!
DELETE FROM mytable;
DELETE FROM sqlite_sequence WHERE name='mytable';
success!
DELETE FROM mytable;
DELETE FROM sqlite_sequence WHERE name='mytable';
success!
DELETE FROM mytable;
DELETE FROM sqlite_sequence WHERE name='mytable';
success!
DELETE FROM mytable;
DELETE FROM sqlite_sequence WHERE name='mytable';
success!
DELETE FROM mytable;
DELETE FROM sqlite_sequence WHERE name='mytable';
success!
DELETE FROM mytable;
DELETE FROM sqlite_sequence WHERE name='mytable';
success!
DELETE FROM mytable;
DELETE FROM sqlite_sequence WHERE name='mytable';
success!
DELETE FROM mytable;
DELETE FROM sqlite_sequence WHERE name='mytable';
success!
DELETE FROM mytable;
DELETE FROM sqlite_sequence WHERE name='mytable';
success!
DELETE FROM mytable;
DELETE FROM sqlite_sequence WHERE name='mytable';
success!
DELETE FROM mytable;
DELETE FROM sqlite_sequence WHERE name='mytable';
success!
DELETE FROM mytable;
DELETE FROM sqlite_sequence WHERE name='mytable';
success!
DELETE FROM mytable;
DELETE FROM sqlite_sequence WHERE name='mytable';
success!
DELETE FROM mytable;
DELETE FROM sqlite_sequence WHERE name='mytable';
success!
DELETE FROM mytable;
DELETE FROM sqlite_sequence WHERE name='mytable';
success!
DELETE FROM mytable;
DELETE FROM sqlite_sequence WHERE name='mytable';
success!
DELETE FROM mytable;
DELETE FROM sqlite_sequence WHERE name='mytable';
success!
DELETE FROM mytable;
DELETE FROM sqlite_sequence WHERE name='mytable';
success!
DELETE FROM mytable;
DELETE FROM sqlite_sequence WHERE name='mytable';
success!
DELETE FROM mytable;
DELETE FROM sqlite_sequence WHERE name='mytable';
success!
DELETE FROM mytable;
DELETE FROM sqlite_sequence WHERE name='mytable';
success!
DELETE FROM mytable;
DELETE FROM sqlite_sequence WHERE name='mytable';
success!
DELETE FROM mytable;
DELETE FROM sqlite_sequence WHERE name='mytable';
success!
timestamp: 2014-04-14T20:28:53.509312
ALTER TABLE mytable ADD topscorest INTEGER;
timestamp: 2014-04-14T20:28:53.526838
ALTER TABLE mytable ADD topscores2 INTEGER;
timestamp: 2014-04-14T20:28:53.529348
ALTER TABLE mytable ADD topscores1 INTEGER;
success!
success!
success!
success!
success!
success!
timestamp: 2014-04-14T20:32:48.392434
ALTER TABLE mytable ADD topscoret INTEGER;
timestamp: 2014-04-14T20:32:48.400129
ALTER TABLE mytable ADD topscore2 INTEGER;
timestamp: 2014-04-14T20:32:48.405412
ALTER TABLE mytable ADD topscore1 INTEGER;
success!
success!
success!
success!
success!
success!
success!
success!
success!
success!
success!
success!
success!
success!
success!
success!
success!
success!
success!
success!
success!
success!
success!
success!
success!
success!
success!
success!
success!
success!
success!
success!
success!
success!
success!
success!
success!
success!
success!
DELETE FROM mytable;
DELETE FROM sqlite_sequence WHERE name='mytable';
success!
success!
success!
success!
success!
success!
success!
success!
success!
success!
success!
success!
success!
success!
success!
success!
success!
success!
success!
success!
success!
success!
success!
success!
success!
success!
success!
success!
success!
success!
success!
success!
success!
success!
success!
success!
success!
success!
success!
success!
success!
success!
success!
success!
success!
success!
success!
success!
success!
success!
success!
success!
success!
success!
success!
success!
success!
success!
DELETE FROM mytable;
DELETE FROM sqlite_sequence WHERE name='mytable';
success!
success!
DELETE FROM mytable;
DELETE FROM sqlite_sequence WHERE name='mytable';
success!
success!
success!
success!
DELETE FROM mytable;
DELETE FROM sqlite_sequence WHERE name='mytable';
success!
success!
DELETE FROM mytable;
DELETE FROM sqlite_sequence WHERE name='mytable';
success!
success!
DELETE FROM mytable;
DELETE FROM sqlite_sequence WHERE name='mytable';
success!
success!
DELETE FROM mytable;
DELETE FROM sqlite_sequence WHERE name='mytable';
success!
success!
DELETE FROM mytable;
DELETE FROM sqlite_sequence WHERE name='mytable';
success!
success!
DELETE FROM mytable;
DELETE FROM sqlite_sequence WHERE name='mytable';
success!
success!
DELETE FROM mytable;
DELETE FROM sqlite_sequence WHERE name='mytable';
success!
success!
DELETE FROM mytable;
DELETE FROM sqlite_sequence WHERE name='mytable';
success!
success!
DELETE FROM mytable;
DELETE FROM sqlite_sequence WHERE name='mytable';
success!
success!
DELETE FROM mytable;
DELETE FROM sqlite_sequence WHERE name='mytable';
success!
success!
DELETE FROM mytable;
DELETE FROM sqlite_sequence WHERE name='mytable';
success!
success!
DELETE FROM mytable;
DELETE FROM sqlite_sequence WHERE name='mytable';
success!
success!
DELETE FROM mytable;
DELETE FROM sqlite_sequence WHERE name='mytable';
success!
success!
DELETE FROM mytable;
DELETE FROM sqlite_sequence WHERE name='mytable';
success!
success!
DELETE FROM mytable;
DELETE FROM sqlite_sequence WHERE name='mytable';
success!
success!
DELETE FROM mytable;
DELETE FROM sqlite_sequence WHERE name='mytable';
success!
success!
DELETE FROM mytable;
DELETE FROM sqlite_sequence WHERE name='mytable';
success!
success!
DELETE FROM mytable;
DELETE FROM sqlite_sequence WHERE name='mytable';
success!
success!
DELETE FROM mytable;
DELETE FROM sqlite_sequence WHERE name='mytable';
success!
success!
DELETE FROM mytable;
DELETE FROM sqlite_sequence WHERE name='mytable';
success!
success!
DELETE FROM mytable;
DELETE FROM sqlite_sequence WHERE name='mytable';
success!
success!
DELETE FROM mytable;
DELETE FROM sqlite_sequence WHERE name='mytable';
success!
success!
DELETE FROM mytable;
DELETE FROM sqlite_sequence WHERE name='mytable';
success!
success!
DELETE FROM mytable;
DELETE FROM sqlite_sequence WHERE name='mytable';
success!
success!
success!
DELETE FROM mytable;
DELETE FROM sqlite_sequence WHERE name='mytable';
success!
success!
DELETE FROM mytable;
DELETE FROM sqlite_sequence WHERE name='mytable';
success!
success!
DELETE FROM mytable;
DELETE FROM sqlite_sequence WHERE name='mytable';
success!
success!
DELETE FROM mytable;
DELETE FROM sqlite_sequence WHERE name='mytable';
success!
success!
DELETE FROM mytable;
DELETE FROM sqlite_sequence WHERE name='mytable';
success!
success!
success!
success!
success!
success!
success!
success!
success!
success!
success!
success!
success!
success!
success!
success!
success!
success!
success!
success!
success!
success!
success!
success!
success!
success!
success!
success!
success!
success!
success!
success!
success!
success!
success!
success!
success!
success!
success!
success!
success!
success!
success!
success!
success!
success!
success!
success!
success!
success!
success!
success!
success!
success!
success!
success!
DELETE FROM mytable;
DELETE FROM sqlite_sequence WHERE name='mytable';
success!
success!
success!
success!
success!
success!
success!
success!
success!
success!
success!
success!
success!
success!
success!
success!
success!
success!
success!
success!
success!
success!
success!
success!
success!
success!
success!
success!
success!
success!
success!
success!
success!
DELETE FROM mytable;
DELETE FROM sqlite_sequence WHERE name='mytable';
success!
success!
DELETE FROM mytable;
DELETE FROM sqlite_sequence WHERE name='mytable';
success!
success!
DELETE FROM mytable;
DELETE FROM sqlite_sequence WHERE name='mytable';
success!
success!
DELETE FROM mytable;
DELETE FROM sqlite_sequence WHERE name='mytable';
success!
success!
DELETE FROM mytable;
DELETE FROM sqlite_sequence WHERE name='mytable';
success!
success!
success!
success!
success!
success!
success!
success!
success!
success!
success!
success!
success!
success!
success!
success!
success!
success!
success!
success!
success!
success!
success!
success!
success!
success!
success!
success!
success!
success!
success!
success!
success!
success!
success!
DELETE FROM mytable;
DELETE FROM sqlite_sequence WHERE name='mytable';
success!
success!
success!
success!
success!
success!
success!
success!
success!
success!
success!
success!
success!
success!
success!
success!
success!
success!
success!
success!
success!
success!
success!
success!
success!
success!
success!
success!
success!
success!
success!
success!
success!
DELETE FROM mytable;
DELETE FROM sqlite_sequence WHERE name='mytable';
success!
success!
success!
success!
success!
success!
success!
success!
success!
success!
success!
success!
DELETE FROM mytable;
DELETE FROM sqlite_sequence WHERE name='mytable';
success!
success!
success!
success!
success!
success!
success!
success!
success!
success!
success!
success!
success!
success!
success!
success!
success!
success!
success!
success!
success!
success!
DELETE FROM mytable;
DELETE FROM sqlite_sequence WHERE name='mytable';
success!
success!
success!
DELETE FROM mytable;
DELETE FROM sqlite_sequence WHERE name='mytable';
success!
success!
success!
DELETE FROM mytable;
DELETE FROM sqlite_sequence WHERE name='mytable';
success!
success!
DELETE FROM mytable;
DELETE FROM sqlite_sequence WHERE name='mytable';
success!
success!
success!
success!
success!
success!
success!
success!
success!
success!
success!
success!
success!
success!
success!
success!
success!
success!
success!
success!
success!
success!
success!
success!
success!
success!
success!
success!
success!
success!
success!
success!
success!
success!
success!
success!
success!
success!
success!
success!
success!
success!
success!
success!
success!
success!
success!
success!
success!
success!
success!
success!
success!
success!
success!
success!
success!
success!
success!
success!
success!
success!
success!
success!
success!
success!
success!
success!
success!
success!
success!
success!
success!
success!
success!
success!
success!
success!
success!
success!
success!
success!
success!
success!
success!
success!
success!
success!
success!
success!
success!
success!
success!
success!
success!
success!
success!
success!
success!
success!
success!
success!
success!
success!
success!
success!
success!
success!
success!
success!
success!
success!
success!
success!
success!
success!
success!
success!
success!
success!
success!
success!
success!
success!
success!
success!
success!
success!
success!
success!
success!
success!
success!
success!
success!
success!
success!
success!
success!
success!
success!
success!
success!
success!
success!
success!
success!
success!
success!
success!
success!
success!
success!
success!
success!
success!
success!
success!
success!
success!
success!
success!
success!
success!
success!
success!
success!
success!
success!
success!
success!
success!
success!
success!
success!
success!
success!
success!
success!
success!
success!
success!
success!
success!
success!
success!
success!
success!
success!
success!
success!
success!
success!
success!
success!
success!
success!
success!
success!
success!
success!
success!
success!
success!
success!
success!
success!
success!
success!
success!
success!
success!
success!
success!
success!
success!
success!
success!
success!
success!
success!
success!
success!
success!
success!
success!
success!
success!
success!
success!
success!
success!
success!
success!
success!
success!
success!
success!
success!
success!
success!
success!
success!
success!
success!
success!
success!
success!
success!
success!
success!
success!
success!
success!
success!
success!
success!
success!
success!
success!
success!
success!
success!
success!
success!
success!
success!
success!
success!
success!
success!
success!
success!
success!
success!
success!
success!
success!
success!
success!
success!
success!
success!
success!
success!
success!
success!
success!
success!
success!
success!
success!
success!
success!
success!
success!
success!
success!
success!
success!
success!
success!
success!
success!
success!
success!
success!
success!
success!
success!
success!
success!
success!
success!
success!
success!
success!
success!
success!
success!
success!
success!
success!
success!
success!
success!
success!
success!
success!
success!
success!
success!
success!
success!
success!
success!
success!
success!
success!
success!
success!
success!
success!
success!
success!
success!
success!
success!
success!
success!
success!
success!
success!
success!
success!
success!
success!
success!
success!
success!
success!
success!
success!
success!
success!
success!
success!
success!
success!
success!
success!
success!
success!
success!
success!
success!
success!
success!
success!
success!
success!
success!
success!
success!
success!
success!
success!
success!
success!
success!
success!
success!
success!
success!
success!
success!
success!
success!
success!
success!
success!
success!
success!
success!
success!
success!
success!
success!
success!
success!
success!
success!
success!
success!
success!
success!
success!
success!
success!
success!
success!
success!
success!
success!
success!
success!
success!
success!
success!
success!
success!
success!
success!
success!
success!
success!
success!
success!
success!
success!
success!
success!
success!
success!
success!
success!
success!
success!
success!
success!
success!
success!
success!
success!
success!
success!
success!
success!
success!
success!
success!
success!
success!
success!
success!
success!
success!
success!
success!
success!
success!
success!
success!
success!
success!
success!
success!
success!
success!
success!
success!
success!
success!
success!
success!
success!
success!
success!
success!
success!
success!
success!
success!
success!
success!
success!
success!
success!
success!
success!
success!
success!
success!
success!
success!
success!
success!
success!
success!
success!
success!
success!
success!
success!
success!
success!
success!
success!
success!
success!
success!
success!
success!
success!
success!
success!
success!
success!
success!
success!
success!
success!
success!
success!
success!
success!
success!
success!
success!
success!
success!
success!
success!
success!
success!
success!
success!
success!
success!
success!
success!
success!
success!
success!
success!
success!
success!
success!
success!
success!
success!
success!
success!
success!
success!
success!
success!
success!
success!
success!
success!
success!
success!
success!
success!
success!
success!
success!
success!
success!
success!
success!
success!
success!
success!
success!
success!
success!
success!
success!
success!
success!
success!
success!
success!
success!
success!
success!
success!
success!
success!
success!
success!
success!
success!
success!
success!
success!
success!
success!
success!
success!
success!
success!
success!
success!
success!
success!
success!
success!
success!
success!
success!
success!
success!
success!
success!
success!
success!
success!
success!
success!
success!
success!
success!
success!
success!
success!
success!
success!
success!
success!
success!
success!
success!
success!
success!
success!
success!
success!
success!
success!
success!
success!
success!
success!
success!
success!
success!
success!
success!
success!
success!
success!
success!
success!
success!
success!
success!
success!
success!
success!
success!
success!
success!
success!
success!
success!
success!
success!
success!
success!
success!
success!
success!
success!
success!
success!
success!
success!
success!
success!
success!
success!
success!
success!
success!
success!
success!
success!
success!
success!
success!
success!
success!
success!
success!
success!
success!
success!
success!
success!
success!
success!
success!
success!
success!
success!
success!
success!
success!
success!
success!
success!
success!
success!
success!
success!
success!
success!
success!
success!
success!
success!
success!
success!
success!
success!
success!
success!
success!
success!
success!
success!
success!
success!
success!
success!
success!
success!
success!
success!
success!
success!
success!
success!
success!
success!
success!
success!
success!
success!
success!
success!
success!
success!
success!
success!
success!
success!
success!
success!
success!
success!
success!
success!
success!
success!
success!
success!
success!
success!
success!
success!
success!
success!
success!
success!
success!
success!
success!
success!
success!
success!
success!
success!
success!
success!
success!
success!
success!
success!
success!
success!
success!
success!
success!
success!
success!
success!
success!
success!
success!
success!
success!
success!
success!
success!
success!
success!
success!
success!
success!
success!
success!
success!
success!
success!
success!
success!
success!
success!
success!
success!
success!
success!
success!
success!
success!
success!
success!
success!
success!
success!
success!
success!
success!
success!
success!
success!
success!
success!
success!
success!
success!
success!
success!
success!
success!
success!
success!
success!
success!
success!
success!
success!
success!
success!
success!
success!
success!
success!
success!
success!
success!
success!
success!
success!
success!
success!
success!
success!
success!
success!
success!
success!
success!
success!
success!
success!
success!
success!
success!
success!
success!
success!
success!
success!
success!
success!
success!
success!
success!
success!
success!
success!
success!
success!
success!
success!
success!
success!
success!
success!
success!
success!
success!
success!
success!
success!
success!
success!
success!
success!
success!
success!
success!
success!
success!
success!
success!
success!
success!
success!
success!
success!
success!
success!
success!
success!
success!
success!
success!
success!
success!
success!
success!
success!
success!
success!
success!
success!
success!
success!
success!
success!
success!
success!
success!
success!
success!
success!
success!
success!
success!
success!
success!
success!
success!
success!
success!
success!
success!
success!
success!
success!
success!
success!
success!
success!
success!
success!
success!
success!
success!
success!
success!
success!
success!
success!
success!
success!
success!
success!
success!
success!
success!
success!
success!
success!
success!
success!
success!
success!
success!
success!
success!
success!
success!
success!
success!
success!
success!
success!
success!
success!
success!
success!
success!
success!
success!
success!
success!
success!
success!
success!
success!
success!
success!
success!
success!
success!
success!
success!
success!
success!
success!
success!
success!
success!
success!
success!
success!
success!
success!
success!
success!
success!
success!
success!
success!
success!
success!
success!
success!
success!
success!
success!
success!
success!
success!
success!
success!
success!
success!
success!
success!
success!
success!
success!
success!
success!
success!
success!
success!
success!
success!
success!
success!
success!
success!
success!
success!
success!
success!
success!
success!
success!
success!
success!
success!
success!
success!
success!
success!
success!
success!
success!
success!
success!
success!
success!
success!
success!
success!
success!
success!
success!
success!
success!
success!
success!
success!
success!
success!
success!
success!
success!
success!
success!
success!
success!
success!
success!
success!
success!
success!
success!
success!
success!
success!
success!
success!
success!
success!
success!
success!
success!
success!
success!
success!
success!
success!
success!
success!
success!
success!
success!
success!
success!
success!
success!
success!
success!
success!
success!
success!
success!
success!
success!
success!
success!
success!
success!
success!
success!
success!
success!
success!
success!
success!
success!
success!
success!
success!
success!
success!
success!
success!
success!
success!
success!
